#
# There is insufficient memory for the Java Runtime Environment to continue.
# Native memory allocation (mmap) failed to map 132120576 bytes. Error detail: G1 virtual space
# Possible reasons:
#   The system is out of physical RAM or swap space
#   This process is running with CompressedOops enabled, and the Java Heap may be blocking the growth of the native heap
# Possible solutions:
#   Reduce memory load on the system
#   Increase physical memory or swap space
#   Check if swap backing store is full
#   Decrease Java heap size (-Xmx/-Xms)
#   Decrease number of Java threads
#   Decrease Java thread stack sizes (-Xss)
#   Set larger code cache with -XX:ReservedCodeCacheSize=
#   JVM is running with Unscaled Compressed Oops mode in which the Java heap is
#     placed in the first 4GB address space. The Java Heap base address is the
#     maximum limit for the native heap growth. Please use -XX:HeapBaseMinAddress
#     to set the Java Heap base and to place the Java Heap above 4GB virtual address.
# This output file may be truncated or incomplete.
#
#  Out of Memory Error (os_windows.cpp:3631), pid=21072, tid=22212
#
# JRE version:  (22.0+36) (build )
# Java VM: OpenJDK 64-Bit Server VM (22+36, mixed mode, sharing, tiered, compressed oops, compressed class ptrs, g1 gc, windows-amd64)
# No core dump will be written. Minidumps are not enabled by default on client versions of Windows
#

---------------  S U M M A R Y ------------

Command Line: -Dfile.encoding=UTF-8 -Dstdout.encoding=UTF-8 -Dstderr.encoding=UTF-8 -XX:+ShowCodeDetailsInExceptionMessages Home

Host: Intel(R) Pentium(R) Silver N5030 CPU @ 1.10GHz, 4 cores, 7G,  Windows 10 , 64 bit Build 19041 (10.0.19041.3636)
Time: Wed Jun  5 17:15:55 2024 Malay Peninsula Standard Time elapsed time: 0.069771 seconds (0d 0h 0m 0s)

---------------  T H R E A D  ---------------

Current thread (0x000002d4626eaed0):  JavaThread "Unknown thread" [_thread_in_vm, id=22212, stack(0x000000eb7ab00000,0x000000eb7ac00000) (1024K)]

Stack: [0x000000eb7ab00000,0x000000eb7ac00000]
Native frames: (J=compiled Java code, j=interpreted, Vv=VM code, C=native code)
V  [jvm.dll+0x6ea2f9]  (no source info available)
V  [jvm.dll+0x8ccec3]  (no source info available)
V  [jvm.dll+0x8cf2ee]  (no source info available)
V  [jvm.dll+0x8cf9c3]  (no source info available)
V  [jvm.dll+0x286dd6]  (no source info available)
V  [jvm.dll+0x6e6985]  (no source info available)
V  [jvm.dll+0x6db60a]  (no source info available)
V  [jvm.dll+0x3600fa]  (no source info available)
V  [jvm.dll+0x3685c6]  (no source info available)
V  [jvm.dll+0x3ba37e]  (no source info available)
V  [jvm.dll+0x3ba628]  (no source info available)
V  [jvm.dll+0x333bfc]  (no source info available)
V  [jvm.dll+0x3347b8]  (no source info available)
V  [jvm.dll+0x894e0c]  (no source info available)
V  [jvm.dll+0x3c7471]  (no source info available)
V  [jvm.dll+0x87db8c]  (no source info available)
V  [jvm.dll+0x460f1e]  (no source info available)
V  [jvm.dll+0x462d31]  (no source info available)
C  [jli.dll+0x5278]  (no source info available)
C  [ucrtbase.dll+0x21bb2]  (no source info available)
C  [KERNEL32.DLL+0x17344]  (no source info available)
C  [ntdll.dll+0x526b1]  (no source info available)


---------------  P R O C E S S  ---------------

Threads class SMR info:
_java_thread_list=0x00007ffd99d7c688, length=0, elements={
}

Java Threads: ( => current thread )
Total: 0

Other Threads:
  0x000002d462844200 WorkerThread "GC Thread#0"                     [id=20388, stack(0x000000eb7ac00000,0x000000eb7ad00000) (1024K)]
  0x000002d462896960 ConcurrentGCThread "G1 Main Marker"            [id=16132, stack(0x000000eb7ad00000,0x000000eb7ae00000) (1024K)]
  0x000002d462897380 WorkerThread "G1 Conc#0"                       [id=21484, stack(0x000000eb7ae00000,0x000000eb7af00000) (1024K)]

[error occurred during error reporting (printing all threads), id 0xc0000005, EXCEPTION_ACCESS_VIOLATION (0xc0000005) at pc=0x00007ffd99466a57]
VM state: not at safepoint (not fully initialized)

VM Mutex/Monitor currently owned by a thread:  ([mutex/lock_event])
[0x00007ffd99e000b8] Heap_lock - owner thread: 0x000002d4626eaed0

Heap address: 0x0000000083000000, size: 2000 MB, Compressed Oops mode: 32-bit

CDS archive(s) mapped at: [0x0000000000000000-0x0000000000000000-0x0000000000000000), size 0, SharedBaseAddress: 0x0000000800000000, ArchiveRelocationMode: 1.
Narrow klass base: 0x0000000000000000, Narrow klass shift: 0, Narrow klass range: 0x0

GC Precious Log:
 CardTable entry size: 512
 Card Set container configuration: InlinePtr #cards 5 size 8 Array Of Cards #cards 12 size 40 Howl #buckets 4 coarsen threshold 1843 Howl Bitmap #cards 512 size 80 coarsen threshold 460 Card regions per heap region 1 cards per card region 2048

Heap:
 garbage-first heap   total reserved 2048000K, committed 0K, used 0K [0x0000000083000000, 0x0000000100000000)
  region size 1024K, 0 young (0K), 0 survivors (0K)

[error occurred during error reporting (printing heap information), id 0xc0000005, EXCEPTION_ACCESS_VIOLATION (0xc0000005) at pc=0x00007ffd99866ed9]
GC Heap History (0 events):
No events

Dll operation events (1 events):
Event: 0.022 Loaded shared library C:\Users\JOMARI CASTILLO\.p2\pool\plugins\org.eclipse.justj.openjdk.hotspot.jre.full.win32.x86_64_22.0.0.v20240322-1225\jre\bin\java.dll

Deoptimization events (0 events):
No events

Classes loaded (0 events):
No events

Classes unloaded (0 events):
No events

Classes redefined (0 events):
No events

Internal exceptions (0 events):
No events

ZGC Phase Switch (0 events):
No events

VM Operations (0 events):
No events

Events (0 events):
No events


Dynamic libraries:
0x00007ff655ec0000 - 0x00007ff655ece000 	C:\Users\JOMARI CASTILLO\.p2\pool\plugins\org.eclipse.justj.openjdk.hotspot.jre.full.win32.x86_64_22.0.0.v20240322-1225\jre\bin\javaw.exe
0x00007ffdd4350000 - 0x00007ffdd4548000 	C:\WINDOWS\SYSTEM32\ntdll.dll
0x00007ffdd3850000 - 0x00007ffdd390d000 	C:\WINDOWS\System32\KERNEL32.DLL
0x00007ffdd1b80000 - 0x00007ffdd1e76000 	C:\WINDOWS\System32\KERNELBASE.dll
0x00007ffdd2130000 - 0x00007ffdd2230000 	C:\WINDOWS\System32\ucrtbase.dll
0x00007ffdcd2d0000 - 0x00007ffdcd2e7000 	C:\Users\JOMARI CASTILLO\.p2\pool\plugins\org.eclipse.justj.openjdk.hotspot.jre.full.win32.x86_64_22.0.0.v20240322-1225\jre\bin\jli.dll
0x00007ffdd3fb0000 - 0x00007ffdd414f000 	C:\WINDOWS\System32\USER32.dll
0x00007ffdd1a00000 - 0x00007ffdd1a22000 	C:\WINDOWS\System32\win32u.dll
0x00007ffdd3c30000 - 0x00007ffdd3c5b000 	C:\WINDOWS\System32\GDI32.dll
0x00007ffdcd2b0000 - 0x00007ffdcd2cb000 	C:\Users\JOMARI CASTILLO\.p2\pool\plugins\org.eclipse.justj.openjdk.hotspot.jre.full.win32.x86_64_22.0.0.v20240322-1225\jre\bin\VCRUNTIME140.dll
0x00007ffdbf960000 - 0x00007ffdbfbfa000 	C:\WINDOWS\WinSxS\amd64_microsoft.windows.common-controls_6595b64144ccf1df_6.0.19041.4355_none_60b8b9eb71f62e16\COMCTL32.dll
0x00007ffdd1eb0000 - 0x00007ffdd1fc7000 	C:\WINDOWS\System32\gdi32full.dll
0x00007ffdd1ae0000 - 0x00007ffdd1b7d000 	C:\WINDOWS\System32\msvcp_win.dll
0x00007ffdd3b80000 - 0x00007ffdd3c1e000 	C:\WINDOWS\System32\msvcrt.dll
0x00007ffdd42d0000 - 0x00007ffdd4302000 	C:\WINDOWS\System32\IMM32.DLL
0x00007ffdcd2a0000 - 0x00007ffdcd2ac000 	C:\Users\JOMARI CASTILLO\.p2\pool\plugins\org.eclipse.justj.openjdk.hotspot.jre.full.win32.x86_64_22.0.0.v20240322-1225\jre\bin\vcruntime140_1.dll
0x00007ffdb7780000 - 0x00007ffdb780e000 	C:\Users\JOMARI CASTILLO\.p2\pool\plugins\org.eclipse.justj.openjdk.hotspot.jre.full.win32.x86_64_22.0.0.v20240322-1225\jre\bin\msvcp140.dll
0x00007ffd99120000 - 0x00007ffd99ee2000 	C:\Users\JOMARI CASTILLO\.p2\pool\plugins\org.eclipse.justj.openjdk.hotspot.jre.full.win32.x86_64_22.0.0.v20240322-1225\jre\bin\server\jvm.dll
0x00007ffdd24b0000 - 0x00007ffdd2560000 	C:\WINDOWS\System32\ADVAPI32.dll
0x00007ffdd3ae0000 - 0x00007ffdd3b80000 	C:\WINDOWS\System32\sechost.dll
0x00007ffdd2380000 - 0x00007ffdd24a3000 	C:\WINDOWS\System32\RPCRT4.dll
0x00007ffdd1e80000 - 0x00007ffdd1ea7000 	C:\WINDOWS\System32\bcrypt.dll
0x00007ffdd3eb0000 - 0x00007ffdd3f1b000 	C:\WINDOWS\System32\WS2_32.dll
0x00007ffdd17a0000 - 0x00007ffdd17eb000 	C:\WINDOWS\SYSTEM32\POWRPROF.dll
0x00007ffdc9660000 - 0x00007ffdc966a000 	C:\WINDOWS\SYSTEM32\VERSION.dll
0x00007ffdab050000 - 0x00007ffdab077000 	C:\WINDOWS\SYSTEM32\WINMM.dll
0x00007ffdd1780000 - 0x00007ffdd1792000 	C:\WINDOWS\SYSTEM32\UMPDC.dll
0x00007ffdd0210000 - 0x00007ffdd0222000 	C:\WINDOWS\SYSTEM32\kernel.appcore.dll
0x00007ffdcd310000 - 0x00007ffdcd31a000 	C:\Users\JOMARI CASTILLO\.p2\pool\plugins\org.eclipse.justj.openjdk.hotspot.jre.full.win32.x86_64_22.0.0.v20240322-1225\jre\bin\jimage.dll
0x00007ffdd0010000 - 0x00007ffdd01f4000 	C:\WINDOWS\SYSTEM32\DBGHELP.DLL
0x00007ffdbb7b0000 - 0x00007ffdbb7e4000 	C:\WINDOWS\SYSTEM32\dbgcore.DLL
0x00007ffdd2230000 - 0x00007ffdd22b2000 	C:\WINDOWS\System32\bcryptPrimitives.dll
0x00007ffdcd2f0000 - 0x00007ffdcd30e000 	C:\Users\JOMARI CASTILLO\.p2\pool\plugins\org.eclipse.justj.openjdk.hotspot.jre.full.win32.x86_64_22.0.0.v20240322-1225\jre\bin\java.dll
0x00007ffdd2ab0000 - 0x00007ffdd321b000 	C:\WINDOWS\System32\SHELL32.dll
0x00007ffdd3d80000 - 0x00007ffdd3eab000 	C:\WINDOWS\System32\ole32.dll
0x00007ffdd2560000 - 0x00007ffdd28b3000 	C:\WINDOWS\System32\combase.dll

dbghelp: loaded successfully - version: 4.0.5 - missing functions: none
symbol engine: initialized successfully - sym options: 0x614 - pdb path: .;C:\Users\JOMARI CASTILLO\.p2\pool\plugins\org.eclipse.justj.openjdk.hotspot.jre.full.win32.x86_64_22.0.0.v20240322-1225\jre\bin;C:\WINDOWS\SYSTEM32;C:\WINDOWS\WinSxS\amd64_microsoft.windows.common-controls_6595b64144ccf1df_6.0.19041.4355_none_60b8b9eb71f62e16;C:\Users\JOMARI CASTILLO\.p2\pool\plugins\org.eclipse.justj.openjdk.hotspot.jre.full.win32.x86_64_22.0.0.v20240322-1225\jre\bin\server

VM Arguments:
jvm_args: -Dfile.encoding=UTF-8 -Dstdout.encoding=UTF-8 -Dstderr.encoding=UTF-8 -XX:+ShowCodeDetailsInExceptionMessages 
java_command: Home
java_class_path (initial): C:\Users\JOMARI CASTILLO\eclipse-workspace\Midterm\bin
Launcher Type: SUN_STANDARD

[Global flags]
     intx CICompilerCount                          = 3                                         {product} {ergonomic}
     uint ConcGCThreads                            = 1                                         {product} {ergonomic}
     uint G1ConcRefinementThreads                  = 4                                         {product} {ergonomic}
   size_t G1HeapRegionSize                         = 1048576                                   {product} {ergonomic}
   size_t InitialHeapSize                          = 132120576                                 {product} {ergonomic}
   size_t MarkStackSize                            = 4194304                                   {product} {ergonomic}
   size_t MaxHeapSize                              = 2097152000                                {product} {ergonomic}
   size_t MinHeapDeltaBytes                        = 1048576                                   {product} {ergonomic}
   size_t MinHeapSize                              = 8388608                                   {product} {ergonomic}
    uintx NonNMethodCodeHeapSize                   = 5832780                                {pd product} {ergonomic}
    uintx NonProfiledCodeHeapSize                  = 122912730                              {pd product} {ergonomic}
    uintx ProfiledCodeHeapSize                     = 122912730                              {pd product} {ergonomic}
    uintx ReservedCodeCacheSize                    = 251658240                              {pd product} {ergonomic}
     bool SegmentedCodeCache                       = true                                      {product} {ergonomic}
     bool ShowCodeDetailsInExceptionMessages       = true                                   {manageable} {command line}
   size_t SoftMaxHeapSize                          = 2097152000                             {manageable} {ergonomic}
     bool UseCompressedOops                        = true                           {product lp64_product} {ergonomic}
     bool UseG1GC                                  = true                                      {product} {ergonomic}
     bool UseLargePagesIndividualAllocation        = false                                  {pd product} {ergonomic}

Logging:
Log output configuration:
 #0: stdout all=warning uptime,level,tags foldmultilines=false
 #1: stderr all=off uptime,level,tags foldmultilines=false

Environment Variables:
PATH=C:/Users/JOMARI CASTILLO/.p2/pool/plugins/org.eclipse.justj.openjdk.hotspot.jre.full.win32.x86_64_22.0.0.v20240322-1225/jre/bin/server;C:/Users/JOMARI CASTILLO/.p2/pool/plugins/org.eclipse.justj.openjdk.hotspot.jre.full.win32.x86_64_22.0.0.v20240322-1225/jre/bin;C:\WINDOWS\system32;C:\WINDOWS;C:\WINDOWS\System32\Wbem;C:\WINDOWS\System32\WindowsPowerShell\v1.0\;C:\WINDOWS\System32\OpenSSH\;C:\Program Files\dotnet\;C:\Program Files\Microsoft SQL Server\Client SDK\ODBC\170\Tools\Binn\;C:\Users\JOMARI CASTILLO\AppData\Local\Programs\Python\Python312\Scripts\;C:\Users\JOMARI CASTILLO\AppData\Local\Programs\Python\Python312\;C:\Users\JOMARI CASTILLO\AppData\Local\Microsoft\WindowsApps;C:\Users\JOMARI CASTILLO\.dotnet\tools;C:\Users\JOMARI CASTILLO\AppData\Local\Programs\Microsoft VS Code\bin;C:\Users\JOMARI CASTILLO\OneDrive\Desktop;
USERNAME=JOMARI CASTILLO
OS=Windows_NT
PROCESSOR_IDENTIFIER=Intel64 Family 6 Model 122 Stepping 8, GenuineIntel
TMP=C:\Users\JOMARI~1\AppData\Local\Temp
TEMP=C:\Users\JOMARI~1\AppData\Local\Temp




Periodic native trim disabled

---------------  S Y S T E M  ---------------

OS:
 Windows 10 , 64 bit Build 19041 (10.0.19041.3636)
OS uptime: 0 days 4:20 hours

CPU: total 4 (initial active 4) (4 cores per cpu, 1 threads per core) family 6 model 122 stepping 8 microcode 0xc, cx8, cmov, fxsr, mmx, 3dnowpref, sse, sse2, sse3, ssse3, sse4.1, sse4.2, popcnt, tsc, tscinvbit, aes, erms, clmul, sha, clflush, clflushopt, rdtscp, rdpid
Processor Information for all 4 processors :
  Max Mhz: 1101, Current Mhz: 1101, Mhz Limit: 1101

Memory: 4k page, system-wide physical 7995M (600M free)
TotalPageFile size 23116M (AvailPageFile size 111M)
current process WorkingSet (physical memory assigned to process): 11M, peak: 11M
current process commit charge ("private bytes"): 52M, peak: 178M

vm_info: OpenJDK 64-Bit Server VM (22+36) for windows-amd64 JRE (22+36), built on 2024-03-19T00:00:00Z by "admin" with MS VC++ 17.7 (VS2022)

END.
